<?xml version="1.0" encoding="utf-8"?><testsuites name="pytest tests"><testsuite name="pytest" errors="0" failures="0" skipped="0" tests="11" time="2.462" timestamp="2026-06-09T09:52:26.041406+00:00" hostname="agent-env-661fe965-626d-4fcf-8fc6-acf8c69cf087"><testcase classname="backend.tests.test_iap_spend.TestCatalog" name="test_catalog_token_costs_and_pro_perks" time="0.171" /><testcase classname="backend.tests.test_iap_spend.TestSpendActions" name="test_spend_each_action_debits_balance_and_writes_ledger[upload_music-1]" time="0.576" /><testcase classname="backend.tests.test_iap_spend.TestSpendActions" name="test_spend_each_action_debits_balance_and_writes_ledger[ai_album_cover-2]" time="0.139" /><testcase classname="backend.tests.test_iap_spend.TestSpendActions" name="test_spend_each_action_debits_balance_and_writes_ledger[go_live-3]" time="0.106" /><testcase classname="backend.tests.test_iap_spend.TestSpendActions" name="test_unknown_action_returns_400" time="0.103" /><testcase classname="backend.tests.test_iap_spend.TestSpendActions" name="test_insufficient_balance_returns_402" time="0.146" /><testcase classname="backend.tests.test_iap_spend.TestSpendActions" name="test_spend_requires_auth" time="0.113" /><testcase classname="backend.tests.test_iap_spend.TestProPerks" name="test_pro_user_gets_free_upload_and_ai_album" time="0.343" /><testcase classname="backend.tests.test_iap_spend.TestSubscriptionEndpoint" name="test_no_subscription_returns_active_false" time="0.110" /><testcase classname="backend.tests.test_iap_spend.TestTracksNoReward" name="test_upload_track_no_sound_award" time="0.249" /><testcase classname="backend.tests.test_iap_spend.TestAlbumsCost" name="test_create_album_debits_two_or_one_on_image_fail" time="0.250" /></testsuite></testsuites>