<?xml version="1.0" encoding="utf-8"?><testsuites name="pytest tests"><testsuite name="pytest" errors="0" failures="0" skipped="0" tests="24" time="2.738" timestamp="2026-05-27T12:18:41.210591+00:00" hostname="agent-env-661fe965-626d-4fcf-8fc6-acf8c69cf087"><testcase classname="backend.tests.backend_test.TestHealth" name="test_root" time="0.235" /><testcase classname="backend.tests.backend_test.TestAuth" name="test_signup_returns_token_and_user" time="0.288" /><testcase classname="backend.tests.backend_test.TestAuth" name="test_signup_duplicate_rejected" time="0.054" /><testcase classname="backend.tests.backend_test.TestAuth" name="test_signup_short_password" time="0.049" /><testcase classname="backend.tests.backend_test.TestAuth" name="test_login_success" time="0.280" /><testcase classname="backend.tests.backend_test.TestAuth" name="test_login_bad_password" time="0.280" /><testcase classname="backend.tests.backend_test.TestAuth" name="test_me_with_token" time="0.055" /><testcase classname="backend.tests.backend_test.TestAuth" name="test_me_without_token" time="0.136" /><testcase classname="backend.tests.backend_test.TestAuth" name="test_me_invalid_token" time="0.051" /><testcase classname="backend.tests.backend_test.TestAuth" name="test_google_session_invalid" time="0.150" /><testcase classname="backend.tests.backend_test.TestAuth" name="test_logout" time="0.101" /><testcase classname="backend.tests.backend_test.TestContent" name="test_artists_list" time="0.050" /><testcase classname="backend.tests.backend_test.TestContent" name="test_artists_featured_filter" time="0.059" /><testcase classname="backend.tests.backend_test.TestContent" name="test_artist_by_id" time="0.053" /><testcase classname="backend.tests.backend_test.TestContent" name="test_artist_404" time="0.048" /><testcase classname="backend.tests.backend_test.TestContent" name="test_tracks" time="0.054" /><testcase classname="backend.tests.backend_test.TestContent" name="test_beats" time="0.055" /><testcase classname="backend.tests.backend_test.TestContent" name="test_videos" time="0.053" /><testcase classname="backend.tests.backend_test.TestContent" name="test_news" time="0.054" /><testcase classname="backend.tests.backend_test.TestContent" name="test_trending" time="0.069" /><testcase classname="backend.tests.backend_test.TestProgress" name="test_progress_initial" time="0.057" /><testcase classname="backend.tests.backend_test.TestProgress" name="test_claim_daily_first" time="0.054" /><testcase classname="backend.tests.backend_test.TestProgress" name="test_claim_daily_second_blocked" time="0.059" /><testcase classname="backend.tests.backend_test.TestStatuses" name="test_create_status_and_list" time="0.215" /></testsuite></testsuites>